{
  "RSpec": {
    "coverage": {
      "/Users/magicmax/turing/mod3/rails-engine/app/models/item.rb": {
        "lines": [
          1,
          1,
          1,
          1,
          null
        ]
      },
      "/Users/magicmax/turing/mod3/rails-engine/app/models/application_record.rb": {
        "lines": [
          1,
          1,
          null
        ]
      },
      "/Users/magicmax/turing/mod3/rails-engine/app/models/merchant.rb": {
        "lines": [
          1,
          1,
          1,
          null
        ]
      }
    },
    "timestamp": 1613423185
  }
}
