{
  "RSpec": {
    "coverage": {
      "/Users/magicmax/turing/mod3/rails-engine/app/models/customer.rb": {
        "lines": [
          1,
          null
        ]
      },
      "/Users/magicmax/turing/mod3/rails-engine/app/models/application_record.rb": {
        "lines": [
          1,
          1,
          null
        ]
      },
      "/Users/magicmax/turing/mod3/rails-engine/app/models/invoice_item.rb": {
        "lines": [
          1,
          1,
          1,
          null
        ]
      },
      "/Users/magicmax/turing/mod3/rails-engine/app/models/invoice.rb": {
        "lines": [
          1,
          1,
          1,
          null
        ]
      },
      "/Users/magicmax/turing/mod3/rails-engine/app/models/item.rb": {
        "lines": [
          1,
          1,
          1,
          1,
          null
        ]
      },
      "/Users/magicmax/turing/mod3/rails-engine/app/models/merchant.rb": {
        "lines": [
          1,
          1,
          1,
          null
        ]
      },
      "/Users/magicmax/turing/mod3/rails-engine/app/controllers/api/v1/merchants_controller.rb": {
        "lines": [
          1,
          1,
          6,
          null,
          null,
          1,
          1,
          null,
          null,
          1,
          1,
          null,
          null
        ]
      },
      "/Users/magicmax/turing/mod3/rails-engine/app/controllers/application_controller.rb": {
        "lines": [
          1,
          null
        ]
      },
      "/Users/magicmax/turing/mod3/rails-engine/app/serializers/merchant_serializer.rb": {
        "lines": [
          1,
          1,
          6,
          5,
          null,
          55,
          null,
          null,
          null,
          null,
          null,
          null,
          null,
          null,
          1,
          null,
          null,
          null,
          1,
          1,
          1,
          null,
          null,
          null,
          null,
          null,
          null,
          null,
          null,
          null,
          null,
          null,
          1,
          1,
          1,
          null,
          30,
          null,
          null,
          null,
          null,
          null,
          null,
          null,
          null,
          null,
          null,
          null,
          null,
          null,
          1,
          null,
          1,
          6,
          6,
          6,
          null,
          null
        ]
      }
    },
    "timestamp": 1613424398
  }
}
